<?xml version="1.0" encoding="UTF-8"?>
<!-- Generated by org.testng.reporters.JUnitReportReporter -->
<testsuite hostname="DESKTOP-EQU5M65" failures="0" tests="1" name="pomPractice.LogoutTest" time="6.482" errors="0" timestamp="2021-03-26T20:59:56 IST" skipped="0">
  <testcase classname="pomPractice.LogoutTest" name="init" time="6.482"/>
  <system-out/>
</testsuite> <!-- pomPractice.LogoutTest -->
