<?xml version="1.0" encoding="UTF-8"?>
<!-- Generated by org.testng.reporters.JUnitReportReporter -->
<testsuite hostname="DESKTOP-EQU5M65" failures="0" tests="2" name="gutenberg.Test.MainPageTest" time="7.689" errors="0" timestamp="2021-05-20T21:47:17 IST" skipped="0">
  <testcase classname="gutenberg.Test.MainPageTest" name="verifyMainPageTitleTest" time="4.514"/>
  <system-out/>
  <testcase classname="gutenberg.Test.MainPageTest" name="verifyClickOnFictionCategory" time="3.175"/>
  <system-out/>
</testsuite> <!-- gutenberg.Test.MainPageTest -->
