<?xml version="1.0" encoding="UTF-8"?>
<!-- Generated by org.testng.reporters.JUnitReportReporter -->
<testsuite hostname="DESKTOP-EQU5M65" failures="0" tests="1" name="gutenberg.Test.FictionPageTest" time="5.448" errors="0" timestamp="2021-05-20T22:23:53 IST" skipped="0">
  <testcase classname="gutenberg.Test.FictionPageTest" name="verifyClickOnFictionCategory" time="5.448"/>
  <system-out/>
</testsuite> <!-- gutenberg.Test.FictionPageTest -->
