<?xml version="1.0" encoding="UTF-8"?>
<!-- Generated by org.testng.reporters.JUnitReportReporter -->
<testsuite hostname="DESKTOP-EQU5M65" failures="0" tests="2" name="com.qa.OrangeHRM.Test.PersonalDetailsPageTest" time="36.315" errors="0" timestamp="2021-04-14T17:06:59 IST" skipped="0">
  <testcase classname="com.qa.OrangeHRM.Test.PersonalDetailsPageTest" name="verifyEditDobTest" time="18.465"/>
  <system-out/>
  <testcase classname="com.qa.OrangeHRM.Test.PersonalDetailsPageTest" name="verifyEditGenderTest" time="17.850"/>
  <system-out/>
</testsuite> <!-- com.qa.OrangeHRM.Test.PersonalDetailsPageTest -->
