<?xml version="1.0" encoding="UTF-8"?>
<!-- Generated by org.testng.reporters.JUnitReportReporter -->
<testsuite hostname="DESKTOP-EQU5M65" failures="0" tests="1" name="Utils.ExcelDataProvider" time="0.000" errors="0" timestamp="2021-05-10T18:42:40 IST" skipped="1">
  <testcase classname="Utils.ExcelDataProvider" name="test1" time="0.000">
    <skipped/>
  </testcase> <!-- test1 -->
  <system-out/>
</testsuite> <!-- Utils.ExcelDataProvider -->
