<?xml version="1.0" encoding="UTF-8"?>
<!-- Generated by org.testng.reporters.JUnitReportReporter -->
<testsuite hostname="DESKTOP-EQU5M65" failures="0" tests="1" name="pomPractice.LoginTest" time="4.832" errors="0" timestamp="2021-03-18T17:10:03 IST" skipped="0">
  <testcase classname="pomPractice.LoginTest" name="init" time="4.832"/>
  <system-out/>
</testsuite> <!-- pomPractice.LoginTest -->
