<?xml version="1.0" encoding="UTF-8"?>
<!-- Generated by org.testng.reporters.JUnitReportReporter -->
<testsuite hostname="DESKTOP-EQU5M65" failures="0" tests="2" name="test.ExtentReportsTestNGDemo" time="0.016" errors="0" timestamp="2021-04-27T12:03:23 IST" skipped="0">
  <testcase classname="test.ExtentReportsTestNGDemo" name="test1" time="0.014"/>
  <system-out/>
  <testcase classname="test.ExtentReportsTestNGDemo" name="test2" time="0.002"/>
  <system-out/>
</testsuite> <!-- test.ExtentReportsTestNGDemo -->
