<?xml version="1.0" encoding="UTF-8"?>
<!-- Generated by org.testng.reporters.JUnitReportReporter -->
<testsuite hostname="DESKTOP-EQU5M65" failures="0" tests="2" name="Utils.ExcelDataProvider" time="10.314" errors="0" timestamp="2021-02-26T21:55:13 IST" skipped="0">
  <testcase classname="Utils.ExcelDataProvider" name="test1" time="7.438"/>
  <system-out/>
  <testcase classname="Utils.ExcelDataProvider" name="test1" time="2.876"/>
  <system-out/>
</testsuite> <!-- Utils.ExcelDataProvider -->
