<?xml version="1.0" encoding="UTF-8"?>
<!-- Generated by org.testng.reporters.JUnitReportReporter -->
<testsuite hostname="DESKTOP-EQU5M65" failures="0" tests="1" name="test.TestNGParametersDemo" time="0.008" errors="0" timestamp="2021-02-23T17:58:06 IST" skipped="0">
  <testcase classname="test.TestNGParametersDemo" name="test" time="0.008"/>
  <system-out/>
</testsuite> <!-- test.TestNGParametersDemo -->
