<?xml version="1.0" encoding="UTF-8"?>
<!-- Generated by org.testng.reporters.JUnitReportReporter -->
<testsuite hostname="DESKTOP-EQU5M65" failures="0" tests="1" name="test.KatalonRecorderDemo" time="11.118" errors="0" timestamp="2021-02-24T18:15:07 IST" skipped="0">
  <testcase classname="test.KatalonRecorderDemo" name="testUntitledTestCase" time="11.118"/>
  <system-out/>
</testsuite> <!-- test.KatalonRecorderDemo -->
