<?xml version="1.0" encoding="UTF-8"?>
<!-- Generated by org.testng.reporters.JUnitReportReporter -->
<testsuite hostname="DESKTOP-EQU5M65" failures="0" tests="6" name="test.TestNGPriorityDemo" time="0.012" errors="0" timestamp="2021-04-16T21:14:41 IST" skipped="0">
  <testcase classname="test.TestNGPriorityDemo" name="test2" time="0.006"/>
  <system-out/>
  <testcase classname="test.TestNGPriorityDemo" name="Test6" time="0.001"/>
  <system-out/>
  <testcase classname="test.TestNGPriorityDemo" name="test4" time="0.001"/>
  <system-out/>
  <testcase classname="test.TestNGPriorityDemo" name="test1" time="0.001"/>
  <system-out/>
  <testcase classname="test.TestNGPriorityDemo" name="five" time="0.002"/>
  <system-out/>
  <testcase classname="test.TestNGPriorityDemo" name="three" time="0.001"/>
  <system-out/>
</testsuite> <!-- test.TestNGPriorityDemo -->
