<?xml version="1.0" encoding="UTF-8"?>
<!-- Generated by org.testng.reporters.JUnitReportReporter -->
<testsuite hostname="DESKTOP-EQU5M65" failures="0" tests="2" name="test.TestNGIgnoreDemo" time="0.006" errors="0" timestamp="2021-02-23T18:17:56 IST" skipped="1">
  <testcase classname="test.TestNGIgnoreDemo" name="test2" time="0.006"/>
  <system-out/>
  <testcase classname="test.TestNGIgnoreDemo" name="test1">
    <skipped/>
  </testcase> <!-- test1 -->
  <system-out/>
</testsuite> <!-- test.TestNGIgnoreDemo -->
