<?xml version="1.0" encoding="UTF-8"?>
<!-- Generated by org.testng.reporters.JUnitReportReporter -->
<testsuite hostname="DESKTOP-EQU5M65" failures="0" tests="4" name="MyPractice.MainDemo" time="9.615" errors="0" timestamp="2021-05-10T22:14:03 IST" skipped="2">
  <testcase classname="MyPractice.MainDemo" name="login" time="9.564"/>
  <system-out/>
  <testcase classname="MyPractice.MainDemo" name="clickEmpCheckbox" time="0.051"/>
  <system-out/>
  <testcase classname="MyPractice.MainDemo" name="addEmployee">
    <skipped/>
  </testcase> <!-- addEmployee -->
  <system-out/>
  <testcase classname="MyPractice.MainDemo" name="searchEmployee">
    <skipped/>
  </testcase> <!-- searchEmployee -->
  <system-out/>
</testsuite> <!-- MyPractice.MainDemo -->
