<?xml version="1.0" encoding="UTF-8"?>
<!-- Generated by org.testng.reporters.JUnitReportReporter -->
<testsuite hostname="DESKTOP-EQU5M65" failures="0" tests="1" name="test.TestNG_Demo2" time="7.854" errors="0" timestamp="2021-02-22T13:33:16 IST" skipped="0">
  <testcase classname="test.TestNG_Demo2" name="googleSearch3" time="7.854"/>
  <system-out/>
</testsuite> <!-- test.TestNG_Demo2 -->
