<?xml version="1.0" encoding="UTF-8"?>
<!-- Generated by org.testng.reporters.JUnitReportReporter -->
<testsuite hostname="DESKTOP-EQU5M65" failures="0" tests="3" name="MyPractice.LoginTestDemo" time="19.578" errors="0" timestamp="2021-02-24T22:11:20 IST" skipped="0">
  <testcase classname="MyPractice.LoginTestDemo" name="addEmployee" time="9.189"/>
  <system-out/>
  <testcase classname="MyPractice.LoginTestDemo" name="login" time="9.277"/>
  <system-out/>
  <testcase classname="MyPractice.LoginTestDemo" name="logout" time="1.112"/>
  <system-out/>
</testsuite> <!-- MyPractice.LoginTestDemo -->
