<?xml version="1.0" encoding="UTF-8"?>
<!-- Generated by org.testng.reporters.JUnitReportReporter -->
<testsuite hostname="DESKTOP-EQU5M65" failures="0" tests="6" name="test.TestNGGroupsSemo" time="0.010" errors="0" timestamp="2021-02-23T18:06:34 IST" skipped="0">
  <testcase classname="test.TestNGGroupsSemo" name="five" time="0.000"/>
  <system-out/>
  <testcase classname="test.TestNGGroupsSemo" name="three" time="0.001"/>
  <system-out/>
  <testcase classname="test.TestNGGroupsSemo" name="test1" time="0.007"/>
  <system-out/>
  <testcase classname="test.TestNGGroupsSemo" name="Test6" time="0.001"/>
  <system-out/>
  <testcase classname="test.TestNGGroupsSemo" name="test4" time="0.001"/>
  <system-out/>
  <testcase classname="test.TestNGGroupsSemo" name="test2" time="0.000"/>
  <system-out/>
</testsuite> <!-- test.TestNGGroupsSemo -->
