<?xml version="1.0" encoding="UTF-8"?>
<!-- Generated by org.testng.reporters.JUnitReportReporter -->
<testsuite hostname="DESKTOP-EQU5M65" failures="0" tests="1" name="testScripts.LogoutTest" time="6.776" errors="0" timestamp="2021-03-24T16:19:22 IST" skipped="0">
  <testcase classname="testScripts.LogoutTest" name="init" time="6.776"/>
  <system-out/>
</testsuite> <!-- testScripts.LogoutTest -->
